<?xml version="1.0" encoding="UTF-8"?>
<testng-results ignored="0" total="1" passed="1" failed="0" skipped="0">
  <reporter-output>
  </reporter-output>
  <suite started-at="2024-04-23T07:40:51 IST" name="Default suite" finished-at="2024-04-23T07:41:09 IST" duration-ms="18319">
    <groups>
    </groups>
    <test started-at="2024-04-23T07:40:51 IST" name="Default test" finished-at="2024-04-23T07:41:09 IST" duration-ms="18319">
      <class name="testcases.TS_1">
        <test-method is-config="true" signature="beforetest()[pri:0, instance:testcases.TS_1@740cae06]" started-at="2024-04-23T07:40:51 IST" name="beforetest" finished-at="2024-04-23T07:41:03 IST" duration-ms="11997" status="PASS">
          <reporter-output>
          </reporter-output>
        </test-method> <!-- beforetest -->
        <test-method signature="sareerec()[pri:22, instance:testcases.TS_1@740cae06]" started-at="2024-04-23T07:41:03 IST" name="sareerec" finished-at="2024-04-23T07:41:08 IST" duration-ms="5611" status="PASS">
          <reporter-output>
          </reporter-output>
        </test-method> <!-- sareerec -->
        <test-method is-config="true" signature="afterTest()[pri:0, instance:testcases.TS_1@740cae06]" started-at="2024-04-23T07:41:08 IST" name="afterTest" finished-at="2024-04-23T07:41:09 IST" duration-ms="585" status="PASS">
          <reporter-output>
          </reporter-output>
        </test-method> <!-- afterTest -->
      </class> <!-- testcases.TS_1 -->
    </test> <!-- Default test -->
  </suite> <!-- Default suite -->
</testng-results>
