<?xml version="1.0" encoding="UTF-8"?>
<!-- Generated by org.testng.reporters.JUnitXMLReporter -->
<testsuite ignored="25" hostname="Naveen" failures="0" tests="1" name="Default test" time="18.319" errors="0" timestamp="2024-04-23T07:41:09 IST">
  <testcase classname="testcases.TS_1" name="sareerec" time="5.611"/>
  <testcase classname="testcases.TS_1" name="placeOrder1" time="0.0">
    <ignored/>
  </testcase> <!-- placeOrder1 -->
  <testcase classname="testcases.TS_1" name="scrollWithoutArrow" time="0.0">
    <ignored/>
  </testcase> <!-- scrollWithoutArrow -->
  <testcase classname="testcases.TS_1" name="search" time="0.0">
    <ignored/>
  </testcase> <!-- search -->
  <testcase classname="testcases.TS_1" name="category" time="0.0">
    <ignored/>
  </testcase> <!-- category -->
  <testcase classname="testcases.TS_1" name="view" time="0.0">
    <ignored/>
  </testcase> <!-- view -->
  <testcase classname="testcases.TS_1" name="productDescr" time="0.0">
    <ignored/>
  </testcase> <!-- productDescr -->
  <testcase classname="testcases.TS_1" name="testcasepage" time="0.0">
    <ignored/>
  </testcase> <!-- testcasepage -->
  <testcase classname="testcases.TS_1" name="subscribeCart" time="0.0">
    <ignored/>
  </testcase> <!-- subscribeCart -->
  <testcase classname="testcases.TS_1" name="removeProd" time="0.0">
    <ignored/>
  </testcase> <!-- removeProd -->
  <testcase classname="testcases.TS_1" name="existingUserCheck" time="0.0">
    <ignored/>
  </testcase> <!-- existingUserCheck -->
  <testcase classname="testcases.TS_1" name="loginpage1" time="0.0">
    <ignored/>
  </testcase> <!-- loginpage1 -->
  <testcase classname="testcases.TS_1" name="placeOrder" time="0.0">
    <ignored/>
  </testcase> <!-- placeOrder -->
  <testcase classname="testcases.TS_1" name="saree" time="0.0">
    <ignored/>
  </testcase> <!-- saree -->
  <testcase classname="testcases.TS_1" name="clickContactUs" time="0.0">
    <ignored/>
  </testcase> <!-- clickContactUs -->
  <testcase classname="testcases.TS_1" name="placeOrder2" time="0.0">
    <ignored/>
  </testcase> <!-- placeOrder2 -->
  <testcase classname="testcases.TS_1" name="downloadInvoice" time="0.0">
    <ignored/>
  </testcase> <!-- downloadInvoice -->
  <testcase classname="testcases.TS_1" name="subscribe" time="0.0">
    <ignored/>
  </testcase> <!-- subscribe -->
  <testcase classname="testcases.TS_1" name="loginpagenew" time="0.0">
    <ignored/>
  </testcase> <!-- loginpagenew -->
  <testcase classname="testcases.TS_1" name="brands" time="0.0">
    <ignored/>
  </testcase> <!-- brands -->
  <testcase classname="testcases.TS_1" name="sareereview" time="0.0">
    <ignored/>
  </testcase> <!-- sareereview -->
  <testcase classname="testcases.TS_1" name="loginpage" time="0.0">
    <ignored/>
  </testcase> <!-- loginpage -->
  <testcase classname="testcases.TS_1" name="logoutpage" time="0.0">
    <ignored/>
  </testcase> <!-- logoutpage -->
  <testcase classname="testcases.TS_1" name="add" time="0.0">
    <ignored/>
  </testcase> <!-- add -->
  <testcase classname="testcases.TS_1" name="scrollWithArrow" time="0.0">
    <ignored/>
  </testcase> <!-- scrollWithArrow -->
  <testcase classname="testcases.TS_1" name="badd" time="0.0">
    <ignored/>
  </testcase> <!-- badd -->
</testsuite> <!-- Default test -->
